{"logLevel":"debug","message":"multithreading is set to false"}
{"logLevel":"debug","message":"Using reflection to scan dependencies for gauge implementations..."}
log4j:WARN No appenders could be found for logger (io.grpc.netty.shaded.io.netty.util.internal.logging.InternalLoggerFactory).
log4j:WARN Please initialize the log4j system properly.
log4j:WARN See http://logging.apache.org/log4j/1.2/faq.html#noconfig for more info.
{"logLevel":"debug","message":"gauge-java took 680milliseconds to load and scan. This should be less than 'runner_connection_timeout' config value."}
{"logLevel":"debug","message":"run 'gauge config runner_connection_timeout' and verify that it is < 680"}
{"logLevel":"debug","message":"starting gRPC server..."}
{"logLevel":"debug","message":"started gRPC server on port 58882"}
{"logLevel":"info","message":"Listening on port:58882"}
{"logLevel":"debug","message":"Scanning packages for steps"}
{"logLevel":"debug","message":"Comparing 'web.Steps.BaseSteps.chromeZoomOut' and 'web.Steps.BaseSteps.chromeZoomOut'"}
{"logLevel":"debug","message":"Found Change page zoom to {}% in current project scope."}
{"logLevel":"debug","message":"Comparing 'web.Steps.BaseSteps.chromeZoomOut' and 'web.Steps.BaseSteps.chromeZoomOut'"}
{"logLevel":"debug","message":"Found Sayfanın zoom değerini değiştir {}% in current project scope."}
{"logLevel":"debug","message":"Comparing 'web.Steps.BaseSteps.chromeFocusTabWithNumber' and 'web.Steps.BaseSteps.chromeFocusTabWithNumber'"}
{"logLevel":"debug","message":"Found Focus on tab number {} in current project scope."}
{"logLevel":"debug","message":"Loading {} numaralı sekmeye odaklanvia reflected sources."}
{"logLevel":"debug","message":"Comparing 'web.Steps.BaseSteps.checkElementAttributeEquals' and 'web.Steps.BaseSteps.checkElementAttributeEquals'"}
{"logLevel":"debug","message":"Found Check if {} element's attribute {} equals to the value {} in current project scope."}
{"logLevel":"debug","message":"Comparing 'web.Steps.BaseSteps.checkElementAttributeEquals' and 'web.Steps.BaseSteps.checkElementAttributeEquals'"}
{"logLevel":"debug","message":"Found {} elementinin {} niteliği {} değerine sahip mi in current project scope."}
{"logLevel":"debug","message":"Comparing 'web.Steps.BaseSteps.clearInputArea' and 'web.Steps.BaseSteps.clearInputArea'"}
{"logLevel":"debug","message":"Found Clear text of element {} in current project scope."}
{"logLevel":"debug","message":"Comparing 'web.Steps.BaseSteps.clearInputArea' and 'web.Steps.BaseSteps.clearInputArea'"}
{"logLevel":"debug","message":"Found {} elementinin text alanını temizle in current project scope."}
{"logLevel":"debug","message":"Comparing 'web.Steps.BaseSteps.getElementWithKeyIfExists' and 'web.Steps.BaseSteps.getElementWithKeyIfExists'"}
{"logLevel":"debug","message":"Found Check if element {} exists in current project scope."}
{"logLevel":"debug","message":"Comparing 'web.Steps.BaseSteps.getElementWithKeyIfExists' and 'web.Steps.BaseSteps.getElementWithKeyIfExists'"}
{"logLevel":"debug","message":"Found Wait for element to load with key {} in current project scope."}
{"logLevel":"debug","message":"Comparing 'web.Steps.BaseSteps.getElementWithKeyIfExists' and 'web.Steps.BaseSteps.getElementWithKeyIfExists'"}
{"logLevel":"debug","message":"Found Element var mı kontrol et {} in current project scope."}
{"logLevel":"debug","message":"Comparing 'web.Steps.BaseSteps.getElementWithKeyIfExists' and 'web.Steps.BaseSteps.getElementWithKeyIfExists'"}
{"logLevel":"debug","message":"Found Elementin yüklenmesini bekle {} in current project scope."}
{"logLevel":"debug","message":"Comparing 'web.Steps.BaseSteps.checkElementAttributeContains' and 'web.Steps.BaseSteps.checkElementAttributeContains'"}
{"logLevel":"debug","message":"Found Check if {} element's attribute {} contains the value {} in current project scope."}
{"logLevel":"debug","message":"Comparing 'web.Steps.BaseSteps.checkElementAttributeContains' and 'web.Steps.BaseSteps.checkElementAttributeContains'"}
{"logLevel":"debug","message":"Found {} elementinin {} niteliği {} değerini içeriyor mu in current project scope."}
{"logLevel":"debug","message":"Comparing 'web.Steps.BaseSteps.printElementText' and 'web.Steps.BaseSteps.printElementText'"}
{"logLevel":"debug","message":"Found Print element text by css {} in current project scope."}
{"logLevel":"debug","message":"Comparing 'web.Steps.BaseSteps.printElementText' and 'web.Steps.BaseSteps.printElementText'"}
{"logLevel":"debug","message":"Found Elementin text değerini yazdır css {} in current project scope."}
{"logLevel":"debug","message":"Comparing 'web.Steps.BaseSteps.javascriptClickerWithXpath' and 'web.Steps.BaseSteps.javascriptClickerWithXpath'"}
{"logLevel":"debug","message":"Found Click with javascript to xpath {} in current project scope."}
{"logLevel":"debug","message":"Comparing 'web.Steps.BaseSteps.javascriptClickerWithXpath' and 'web.Steps.BaseSteps.javascriptClickerWithXpath'"}
{"logLevel":"debug","message":"Found Javascript ile xpath tıkla {} in current project scope."}
{"logLevel":"debug","message":"Comparing 'web.Steps.BaseSteps.clearWithJS' and 'web.Steps.BaseSteps.clearWithJS'"}
{"logLevel":"debug","message":"Found {} alanını javascript ile temizle in current project scope."}
{"logLevel":"debug","message":"Comparing 'web.Steps.BaseSteps.ssendKeys' and 'web.Steps.BaseSteps.ssendKeys'"}
{"logLevel":"debug","message":"Found Write value {} to element {} in current project scope."}
{"logLevel":"debug","message":"Comparing 'web.Steps.BaseSteps.ssendKeys' and 'web.Steps.BaseSteps.ssendKeys'"}
{"logLevel":"debug","message":"Found {} textini {} elemente yaz in current project scope."}
{"logLevel":"debug","message":"Comparing 'web.Steps.BaseSteps.setElementAttribute' and 'web.Steps.BaseSteps.setElementAttribute'"}
{"logLevel":"debug","message":"Found Write {} to {} of element {} in current project scope."}
{"logLevel":"debug","message":"Comparing 'web.Steps.BaseSteps.setElementAttribute' and 'web.Steps.BaseSteps.setElementAttribute'"}
{"logLevel":"debug","message":"Found {} değerini {} niteliğine {} elementi için yaz in current project scope."}
{"logLevel":"debug","message":"Comparing 'web.Steps.BaseSteps.waitByMilliSeconds' and 'web.Steps.BaseSteps.waitByMilliSeconds'"}
{"logLevel":"debug","message":"Found Wait {} milliseconds in current project scope."}
{"logLevel":"debug","message":"Comparing 'web.Steps.BaseSteps.tarihAl' and 'web.Steps.BaseSteps.tarihAl'"}
{"logLevel":"debug","message":"Found {} tarihinden 2 gün sonraya al in current project scope."}
{"logLevel":"debug","message":"Comparing 'web.Steps.BaseSteps.SiparisDurumuKarsilastir' and 'web.Steps.BaseSteps.SiparisDurumuKarsilastir'"}
{"logLevel":"debug","message":"Found Siparis durmununu {} elementinden bul in current project scope."}
{"logLevel":"debug","message":"Comparing 'web.Steps.BaseSteps.sendKeyOneByOne' and 'web.Steps.BaseSteps.sendKeyOneByOne'"}
{"logLevel":"debug","message":"Found {} textini {} elemente tek tek yaz in current project scope."}
{"logLevel":"debug","message":"Comparing 'web.Steps.BaseSteps.scrollToElementWithJs' and 'web.Steps.BaseSteps.scrollToElementWithJs'"}
{"logLevel":"debug","message":"Found {} alanına js ile kaydır in current project scope."}
{"logLevel":"debug","message":"Comparing 'web.Steps.BaseSteps.checkURLContainsRepeat' and 'web.Steps.BaseSteps.checkURLContainsRepeat'"}
{"logLevel":"debug","message":"Found Check if current URL contains the value {} in current project scope."}
{"logLevel":"debug","message":"Comparing 'web.Steps.BaseSteps.checkURLContainsRepeat' and 'web.Steps.BaseSteps.checkURLContainsRepeat'"}
{"logLevel":"debug","message":"Found Şuanki URL {} değerini içeriyor mu kontrol et in current project scope."}
{"logLevel":"debug","message":"Comparing 'web.Steps.BaseSteps.clickElement' and 'web.Steps.BaseSteps.clickElement'"}
{"logLevel":"debug","message":"Found Click to element {} in current project scope."}
{"logLevel":"debug","message":"Comparing 'web.Steps.BaseSteps.clickElement' and 'web.Steps.BaseSteps.clickElement'"}
{"logLevel":"debug","message":"Found Elementine tıkla {} in current project scope."}
{"logLevel":"debug","message":"Comparing 'web.Steps.BaseSteps.checkElementNotExists' and 'web.Steps.BaseSteps.checkElementNotExists'"}
{"logLevel":"debug","message":"Found Check if element {} not exists in current project scope."}
{"logLevel":"debug","message":"Comparing 'web.Steps.BaseSteps.checkElementNotExists' and 'web.Steps.BaseSteps.checkElementNotExists'"}
{"logLevel":"debug","message":"Found Element yok mu kontrol et {} in current project scope."}
{"logLevel":"debug","message":"Comparing 'web.Steps.BaseSteps.checkElementContainsText' and 'web.Steps.BaseSteps.checkElementContainsText'"}
{"logLevel":"debug","message":"Found Check if element {} contains text {} in current project scope."}
{"logLevel":"debug","message":"Comparing 'web.Steps.BaseSteps.checkElementContainsText' and 'web.Steps.BaseSteps.checkElementContainsText'"}
{"logLevel":"debug","message":"Found {} elementi {} değerini içeriyor mu kontrol et in current project scope."}
{"logLevel":"debug","message":"Comparing 'web.Steps.BaseSteps.sendKeyToElementESCAPE' and 'web.Steps.BaseSteps.sendKeyToElementESCAPE'"}
{"logLevel":"debug","message":"Found Send ESCAPE key to element {} in current project scope."}
{"logLevel":"debug","message":"Comparing 'web.Steps.BaseSteps.sendKeyToElementESCAPE' and 'web.Steps.BaseSteps.sendKeyToElementESCAPE'"}
{"logLevel":"debug","message":"Found Elemente ESCAPE keyi yolla {} in current project scope."}
{"logLevel":"debug","message":"Comparing 'web.Steps.BaseSteps.olarakSecersemm' and 'web.Steps.BaseSteps.olarakSecersemm'"}
{"logLevel":"debug","message":"Found {} olarak {} seçersemm in current project scope."}
{"logLevel":"debug","message":"Comparing 'web.Steps.BaseSteps.javascriptClickerWithCss' and 'web.Steps.BaseSteps.javascriptClickerWithCss'"}
{"logLevel":"debug","message":"Found Click with javascript to css {} in current project scope."}
{"logLevel":"debug","message":"Comparing 'web.Steps.BaseSteps.javascriptClickerWithCss' and 'web.Steps.BaseSteps.javascriptClickerWithCss'"}
{"logLevel":"debug","message":"Found Javascript ile css tıkla {} in current project scope."}
{"logLevel":"debug","message":"Comparing 'web.Steps.BaseSteps.checkElementExistsThenClick' and 'web.Steps.BaseSteps.checkElementExistsThenClick'"}
{"logLevel":"debug","message":"Found Wait for element then click {} in current project scope."}
{"logLevel":"debug","message":"Comparing 'web.Steps.BaseSteps.sendKeysWithFocus' and 'web.Steps.BaseSteps.sendKeysWithFocus'"}
{"logLevel":"debug","message":"Found Write value {} to element {} with focus in current project scope."}
{"logLevel":"debug","message":"Comparing 'web.Steps.BaseSteps.sendKeysWithFocus' and 'web.Steps.BaseSteps.sendKeysWithFocus'"}
{"logLevel":"debug","message":"Found {} değerini {} elementine focus ile yaz in current project scope."}
{"logLevel":"debug","message":"Comparing 'web.Steps.BaseSteps.goToUrl' and 'web.Steps.BaseSteps.goToUrl'"}
{"logLevel":"debug","message":"Found Go to {} address in current project scope."}
{"logLevel":"debug","message":"Comparing 'web.Steps.BaseSteps.goToUrl' and 'web.Steps.BaseSteps.goToUrl'"}
{"logLevel":"debug","message":"Found {} adresine git in current project scope."}
{"logLevel":"debug","message":"Comparing 'web.Steps.BaseSteps.writeSavedAttributeToElement' and 'web.Steps.BaseSteps.writeSavedAttributeToElement'"}
{"logLevel":"debug","message":"Found Write saved attribute value to element {} in current project scope."}
{"logLevel":"debug","message":"Comparing 'web.Steps.BaseSteps.writeSavedAttributeToElement' and 'web.Steps.BaseSteps.writeSavedAttributeToElement'"}
{"logLevel":"debug","message":"Found Kaydedilmiş niteliği {} elementine yaz in current project scope."}
{"logLevel":"debug","message":"Comparing 'web.Steps.BaseSteps.sendKeyToElementBACKSPACE' and 'web.Steps.BaseSteps.sendKeyToElementBACKSPACE'"}
{"logLevel":"debug","message":"Found Send BACKSPACE key to element {} in current project scope."}
{"logLevel":"debug","message":"Comparing 'web.Steps.BaseSteps.sendKeyToElementBACKSPACE' and 'web.Steps.BaseSteps.sendKeyToElementBACKSPACE'"}
{"logLevel":"debug","message":"Found Elemente BACKSPACE keyi yolla {} in current project scope."}
{"logLevel":"debug","message":"Comparing 'web.Steps.BaseSteps.waitElementLoadWithXpath' and 'web.Steps.BaseSteps.waitElementLoadWithXpath'"}
{"logLevel":"debug","message":"Found Wait for element to load with xpath {} in current project scope."}
{"logLevel":"debug","message":"Comparing 'web.Steps.BaseSteps.waitElementLoadWithXpath' and 'web.Steps.BaseSteps.waitElementLoadWithXpath'"}
{"logLevel":"debug","message":"Found Elementinin yüklenmesini bekle xpath {} in current project scope."}
{"logLevel":"debug","message":"Comparing 'web.Steps.BaseSteps.waitBySeconds' and 'web.Steps.BaseSteps.waitBySeconds'"}
{"logLevel":"debug","message":"Found Wait {} seconds in current project scope."}
{"logLevel":"debug","message":"Comparing 'web.Steps.BaseSteps.AracTalepleriTalepNumarasıKarsilastir' and 'web.Steps.BaseSteps.AracTalepleriTalepNumarasıKarsilastir'"}
{"logLevel":"debug","message":"Found {} elementiyle {} elemetindeki {} textini karsilastir in current project scope."}
{"logLevel":"debug","message":"Comparing 'web.Steps.BaseSteps.sendKeyToElementTAB' and 'web.Steps.BaseSteps.sendKeyToElementTAB'"}
{"logLevel":"debug","message":"Found Send TAB key to element {} in current project scope."}
{"logLevel":"debug","message":"Comparing 'web.Steps.BaseSteps.sendKeyToElementTAB' and 'web.Steps.BaseSteps.sendKeyToElementTAB'"}
{"logLevel":"debug","message":"Found Elemente TAB keyi yolla {} in current project scope."}
{"logLevel":"debug","message":"Comparing 'web.Steps.BaseSteps.setElementAttributeWithJs' and 'web.Steps.BaseSteps.setElementAttributeWithJs'"}
{"logLevel":"debug","message":"Found Write {} to {} of element {} with Js in current project scope."}
{"logLevel":"debug","message":"Comparing 'web.Steps.BaseSteps.setElementAttributeWithJs' and 'web.Steps.BaseSteps.setElementAttributeWithJs'"}
{"logLevel":"debug","message":"Found {} değerini {} niteliğine {} elementi için JS ile yaz in current project scope."}
{"logLevel":"debug","message":"Comparing 'web.Steps.BaseSteps.checkElementAttributeExists' and 'web.Steps.BaseSteps.checkElementAttributeExists'"}
{"logLevel":"debug","message":"Found Check if element {} has attribute {} in current project scope."}
{"logLevel":"debug","message":"Comparing 'web.Steps.BaseSteps.checkElementAttributeExists' and 'web.Steps.BaseSteps.checkElementAttributeExists'"}
{"logLevel":"debug","message":"Found {} elementi {} niteliğine sahip mi in current project scope."}
{"logLevel":"debug","message":"Comparing 'web.Steps.BaseSteps.olarakIndexiSecersemm' and 'web.Steps.BaseSteps.olarakIndexiSecersemm'"}
{"logLevel":"debug","message":"Found {} olarak {} indexi seçersem in current project scope."}
{"logLevel":"debug","message":"Comparing 'web.Steps.BaseSteps.waitElementLoadWithCss' and 'web.Steps.BaseSteps.waitElementLoadWithCss'"}
{"logLevel":"debug","message":"Found Wait for element to load with css {} in current project scope."}
{"logLevel":"debug","message":"Comparing 'web.Steps.BaseSteps.waitElementLoadWithCss' and 'web.Steps.BaseSteps.waitElementLoadWithCss'"}
{"logLevel":"debug","message":"Found Elementin yüklenmesini bekle css {} in current project scope."}
{"logLevel":"debug","message":"Comparing 'web.Steps.BaseSteps.RandomeMail' and 'web.Steps.BaseSteps.RandomeMail'"}
{"logLevel":"debug","message":"Found {} li elementi bul, temizle ve rasgele  email değerini yaz in current project scope."}
{"logLevel":"debug","message":"Comparing 'web.Steps.BaseSteps.RandomeMail' and 'web.Steps.BaseSteps.RandomeMail'"}
{"logLevel":"debug","message":"Found Find element by {} clear and send keys  random email in current project scope."}
{"logLevel":"debug","message":"Comparing 'web.Steps.BaseSteps.getElementWithKeyIfExistsWithMessage' and 'web.Steps.BaseSteps.getElementWithKeyIfExistsWithMessage'"}
{"logLevel":"debug","message":"Found Check if element {} exists else print message {} in current project scope."}
{"logLevel":"debug","message":"Comparing 'web.Steps.BaseSteps.getElementWithKeyIfExistsWithMessage' and 'web.Steps.BaseSteps.getElementWithKeyIfExistsWithMessage'"}
{"logLevel":"debug","message":"Found Element {} var mı kontrol et yoksa hata mesajı ver {} in current project scope."}
{"logLevel":"debug","message":"Comparing 'web.Steps.BaseSteps.clickElementWithFocus' and 'web.Steps.BaseSteps.clickElementWithFocus'"}
{"logLevel":"debug","message":"Found Click to element {} with focus in current project scope."}
{"logLevel":"debug","message":"Comparing 'web.Steps.BaseSteps.clickElementWithFocus' and 'web.Steps.BaseSteps.clickElementWithFocus'"}
{"logLevel":"debug","message":"Found {} elementine focus ile tıkla in current project scope."}
{"logLevel":"debug","message":"Comparing 'web.Steps.BaseSteps.refreshPage' and 'web.Steps.BaseSteps.refreshPage'"}
{"logLevel":"debug","message":"Found Refresh page in current project scope."}
{"logLevel":"debug","message":"Comparing 'web.Steps.BaseSteps.refreshPage' and 'web.Steps.BaseSteps.refreshPage'"}
{"logLevel":"debug","message":"Found Sayfayı yenile in current project scope."}
{"logLevel":"debug","message":"Comparing 'web.Steps.BaseSteps.clearInputAreaWithBackspace' and 'web.Steps.BaseSteps.clearInputAreaWithBackspace'"}
{"logLevel":"debug","message":"Found Clear text of element {} with BACKSPACE in current project scope."}
{"logLevel":"debug","message":"Comparing 'web.Steps.BaseSteps.clearInputAreaWithBackspace' and 'web.Steps.BaseSteps.clearInputAreaWithBackspace'"}
{"logLevel":"debug","message":"Found {} elementinin text alanını BACKSPACE ile temizle in current project scope."}
{"logLevel":"debug","message":"Comparing 'web.Steps.BaseSteps.scrollToElement' and 'web.Steps.BaseSteps.scrollToElement'"}
{"logLevel":"debug","message":"Found {} alanına kaydır in current project scope."}
{"logLevel":"debug","message":"Comparing 'web.Steps.BaseSteps.Karsilastir' and 'web.Steps.BaseSteps.Karsilastir'"}
{"logLevel":"debug","message":"Found {} elementiyle karsilastir in current project scope."}
{"logLevel":"debug","message":"Comparing 'web.Steps.BaseSteps.chromeFocusFrameWithNumber' and 'web.Steps.BaseSteps.chromeFocusFrameWithNumber'"}
{"logLevel":"debug","message":"Found Focus on frame with {} in current project scope."}
{"logLevel":"debug","message":"Comparing 'web.Steps.BaseSteps.chromeFocusFrameWithNumber' and 'web.Steps.BaseSteps.chromeFocusFrameWithNumber'"}
{"logLevel":"debug","message":"Found Frame'e odaklan {} in current project scope."}
{"logLevel":"debug","message":"Comparing 'web.Steps.BaseSteps.acceptChromeAlertPopup' and 'web.Steps.BaseSteps.acceptChromeAlertPopup'"}
{"logLevel":"debug","message":"Found Accept Chrome alert popup in current project scope."}
{"logLevel":"debug","message":"Comparing 'web.Steps.BaseSteps.acceptChromeAlertPopup' and 'web.Steps.BaseSteps.acceptChromeAlertPopup'"}
{"logLevel":"debug","message":"Found Chrome uyarı popup'ını kabul et in current project scope."}
{"logLevel":"debug","message":"Comparing 'web.Steps.BaseSteps.uploadFile' and 'web.Steps.BaseSteps.uploadFile'"}
{"logLevel":"debug","message":"Found Upload file in project {} to element {} in current project scope."}
{"logLevel":"debug","message":"Comparing 'web.Steps.BaseSteps.uploadFile' and 'web.Steps.BaseSteps.uploadFile'"}
{"logLevel":"debug","message":"Found Proje içindeki {} dosyayı {} elemente upload et in current project scope."}
{"logLevel":"debug","message":"Comparing 'web.Steps.BaseSteps.chromeFocusLastTab' and 'web.Steps.BaseSteps.chromeFocusLastTab'"}
{"logLevel":"debug","message":"Found Focus on last tab in current project scope."}
{"logLevel":"debug","message":"Comparing 'web.Steps.BaseSteps.chromeFocusLastTab' and 'web.Steps.BaseSteps.chromeFocusLastTab'"}
{"logLevel":"debug","message":"Found Son sekmeye odaklan in current project scope."}
{"logLevel":"debug","message":"Comparing 'web.Steps.BaseSteps.implementation1' and 'web.Steps.BaseSteps.implementation1'"}
{"logLevel":"debug","message":"Found {} olarak {} seçersem in current project scope."}
{"logLevel":"debug","message":"Comparing 'web.Steps.BaseSteps.writeRandomValueToElement' and 'web.Steps.BaseSteps.writeRandomValueToElement'"}
{"logLevel":"debug","message":"Found Write random value to element {} in current project scope."}
{"logLevel":"debug","message":"Comparing 'web.Steps.BaseSteps.writeRandomValueToElement' and 'web.Steps.BaseSteps.writeRandomValueToElement'"}
{"logLevel":"debug","message":"Found {} elementine random değer yaz in current project scope."}
{"logLevel":"debug","message":"Comparing 'web.Steps.BaseSteps.writeRandomValueToElement' and 'web.Steps.BaseSteps.writeRandomValueToElement'"}
{"logLevel":"debug","message":"Found Write random value to element {} starting with {} in current project scope."}
{"logLevel":"debug","message":"Comparing 'web.Steps.BaseSteps.writeRandomValueToElement' and 'web.Steps.BaseSteps.writeRandomValueToElement'"}
{"logLevel":"debug","message":"Found {} elementine {} değeri ile başlayan random değer yaz in current project scope."}
{"logLevel":"debug","message":"Comparing 'web.Steps.BaseSteps.listedenRasgeleTikla' and 'web.Steps.BaseSteps.listedenRasgeleTikla'"}
{"logLevel":"debug","message":"Found {} menu listesinden rasgele seç in current project scope."}
{"logLevel":"debug","message":"Comparing 'web.Steps.BaseSteps.chromeOpenNewTab' and 'web.Steps.BaseSteps.chromeOpenNewTab'"}
{"logLevel":"debug","message":"Found Open new tab in current project scope."}
{"logLevel":"debug","message":"Comparing 'web.Steps.BaseSteps.chromeOpenNewTab' and 'web.Steps.BaseSteps.chromeOpenNewTab'"}
{"logLevel":"debug","message":"Found Yeni sekme aç in current project scope."}
{"logLevel":"debug","message":"Comparing 'web.Steps.BaseSteps.checkElementAttributeNotExists' and 'web.Steps.BaseSteps.checkElementAttributeNotExists'"}
{"logLevel":"debug","message":"Found Check if element {} not have attribute {} in current project scope."}
{"logLevel":"debug","message":"Comparing 'web.Steps.BaseSteps.checkElementAttributeNotExists' and 'web.Steps.BaseSteps.checkElementAttributeNotExists'"}
{"logLevel":"debug","message":"Found {} elementi {} niteliğine sahip değil mi in current project scope."}
{"logLevel":"debug","message":"Comparing 'web.Steps.BaseSteps.SeferlerimTalepNumarasıKarsilastir' and 'web.Steps.BaseSteps.SeferlerimTalepNumarasıKarsilastir'"}
{"logLevel":"debug","message":"Found {} in icerdiği {} elementiyle {} elementini seferlerim icin karsilastir in current project scope."}
{"logLevel":"debug","message":"Comparing 'web.Steps.BaseSteps.createRandomString' and 'web.Steps.BaseSteps.createRandomString'"}
{"logLevel":"debug","message":"Found {} uzunlugunda random bir kelime üret ve {} olarak sakla in current project scope."}
{"logLevel":"debug","message":"Comparing 'web.Steps.BaseSteps.clickParticularElement' and 'web.Steps.BaseSteps.clickParticularElement'"}
{"logLevel":"debug","message":"Found {} elementleri arasından {} kayıtlı değişkene tıkla in current project scope."}
{"logLevel":"debug","message":"Comparing 'web.Steps.BaseSteps.elementeJSileYaz' and 'web.Steps.BaseSteps.elementeJSileYaz'"}
{"logLevel":"debug","message":"Found {} elementine {} değerini js ile yaz in current project scope."}
{"logLevel":"debug","message":"Comparing 'web.Steps.BaseSteps.saveAttributeValueOfElement' and 'web.Steps.BaseSteps.saveAttributeValueOfElement'"}
{"logLevel":"debug","message":"Found Save attribute {} value of element {} in current project scope."}
{"logLevel":"debug","message":"Comparing 'web.Steps.BaseSteps.saveAttributeValueOfElement' and 'web.Steps.BaseSteps.saveAttributeValueOfElement'"}
{"logLevel":"debug","message":"Found {} niteliğini sakla {} elementi için in current project scope."}
{"logLevel":"debug","message":"Comparing 'web.Steps.BaseSteps.comboboxRandom' and 'web.Steps.BaseSteps.comboboxRandom'"}
{"logLevel":"debug","message":"Found {} olarak comboboxdan bir değer seçilir in current project scope."}
{"logLevel":"debug","message":"Comparing 'web.Steps.BaseSteps.equalsSendTextByKey' and 'web.Steps.BaseSteps.equalsSendTextByKey'"}
{"logLevel":"debug","message":"Found {} li elementi bul ve değerini {} saklanan degeri yazdir in current project scope."}
{"logLevel":"debug","message":"Comparing 'web.Steps.BaseSteps.equalsSendTextByKey' and 'web.Steps.BaseSteps.equalsSendTextByKey'"}
{"logLevel":"debug","message":"Found Find element by {} and compare saved key {} in current project scope."}
{"logLevel":"debug","message":"Scanning packages for hooks"}
{"logLevel":"debug","message":"Scanned steps (using static parsing + reflections): "}
{"logLevel":"debug","message":"\t{} olarak {} indexi seçersem : public void olarakIndexiSecersemm(String key, String index)"}
{"logLevel":"debug","message":"\tWait for element to load with xpath {} : public void waitElementLoadWithXpath(String xpath)"}
{"logLevel":"debug","message":"\tJavascript ile css tıkla {} : public void javascriptClickerWithCss(String css)"}
{"logLevel":"debug","message":"\tCheck if element {} not have attribute {} : public void checkElementAttributeNotExists(String key, String attribute)"}
{"logLevel":"debug","message":"\tCheck if element {} has attribute {} : public void checkElementAttributeExists(String key, String attribute)"}
{"logLevel":"debug","message":"\t{} adresine git : public void goToUrl(String url)"}
{"logLevel":"debug","message":"\t{} değerini {} niteliğine {} elementi için JS ile yaz : public void setElementAttributeWithJs(String value, String attributeName, String key)"}
{"logLevel":"debug","message":"\tElement {} var mı kontrol et yoksa hata mesajı ver {} : public void getElementWithKeyIfExistsWithMessage(String key, String message)"}
{"logLevel":"debug","message":"\tOpen new tab : public void chromeOpenNewTab()"}
{"logLevel":"debug","message":"\tŞuanki URL {} değerini içeriyor mu kontrol et : public void checkURLContainsRepeat(String expectedURL)"}
{"logLevel":"debug","message":"\tElemente TAB keyi yolla {} : public void sendKeyToElementTAB(String key)"}
{"logLevel":"debug","message":"\t{} elementinin {} niteliği {} değerini içeriyor mu : public void checkElementAttributeContains(String key, String attribute, String expectedValue)"}
{"logLevel":"debug","message":"\t{} olarak comboboxdan bir değer seçilir : public void comboboxRandom(String key) throws InterruptedException"}
{"logLevel":"debug","message":"\tSend ESCAPE key to element {} : public void sendKeyToElementESCAPE(String key)"}
{"logLevel":"debug","message":"\t{} olarak {} seçersemm : public void olarakSecersemm(String key, String text)"}
{"logLevel":"debug","message":"\tWrite value {} to element {} : public void ssendKeys(String text, String key)"}
{"logLevel":"debug","message":"\t{} elementiyle {} elemetindeki {} textini karsilastir : public void AracTalepleriTalepNumarasıKarsilastir(String key, String cardDetail, String keyToCompare) throws InterruptedException"}
{"logLevel":"debug","message":"\tClick to element {} with focus : public void clickElementWithFocus(String key)"}
{"logLevel":"debug","message":"\t{} in icerdiği {} elementiyle {} elementini seferlerim icin karsilastir : public void SeferlerimTalepNumarasıKarsilastir(String firstCard, String key, String keyToCompare) throws InterruptedException"}
{"logLevel":"debug","message":"\t{} numaralı sekmeye odaklan : null"}
{"logLevel":"debug","message":"\tWait for element to load with key {} : public WebElement getElementWithKeyIfExists(String key)"}
{"logLevel":"debug","message":"\tElemente BACKSPACE keyi yolla {} : public void sendKeyToElementBACKSPACE(String key)"}
{"logLevel":"debug","message":"\tWrite {} to {} of element {} : public void setElementAttribute(String value, String attributeName, String key)"}
{"logLevel":"debug","message":"\t{} elementine {} değeri ile başlayan random değer yaz : public void writeRandomValueToElement(String key, String startingText)"}
{"logLevel":"debug","message":"\tWait {} milliseconds : public void waitByMilliSeconds(long milliseconds)"}
{"logLevel":"debug","message":"\tRefresh page : public void refreshPage()"}
{"logLevel":"debug","message":"\t{} elementi {} değerini içeriyor mu kontrol et : public void checkElementContainsText(String key, String expectedText)"}
{"logLevel":"debug","message":"\tElementin yüklenmesini bekle css {} : public void waitElementLoadWithCss(String css)"}
{"logLevel":"debug","message":"\tCheck if element {} exists else print message {} : public void getElementWithKeyIfExistsWithMessage(String key, String message)"}
{"logLevel":"debug","message":"\t{} elementi {} niteliğine sahip değil mi : public void checkElementAttributeNotExists(String key, String attribute)"}
{"logLevel":"debug","message":"\t{} alanını javascript ile temizle : public void clearWithJS(String key)"}
{"logLevel":"debug","message":"\t{} niteliğini sakla {} elementi için : public void saveAttributeValueOfElement(String attribute, String key)"}
{"logLevel":"debug","message":"\t{} alanına kaydır : public void scrollToElement(String key)"}
{"logLevel":"debug","message":"\tElemente ESCAPE keyi yolla {} : public void sendKeyToElementESCAPE(String key)"}
{"logLevel":"debug","message":"\tGo to {} address : public void goToUrl(String url)"}
{"logLevel":"debug","message":"\t{} olarak {} seçersem : public void implementation1(String key, String text) throws InterruptedException"}
{"logLevel":"debug","message":"\tCheck if element {} exists : public WebElement getElementWithKeyIfExists(String key)"}
{"logLevel":"debug","message":"\tJavascript ile xpath tıkla {} : public void javascriptClickerWithXpath(String xpath)"}
{"logLevel":"debug","message":"\tCheck if current URL contains the value {} : public void checkURLContainsRepeat(String expectedURL)"}
{"logLevel":"debug","message":"\t{} alanına js ile kaydır : public void scrollToElementWithJs(String key)"}
{"logLevel":"debug","message":"\tFind element by {} and compare saved key {} : public void equalsSendTextByKey(String key, String saveKey) throws InterruptedException"}
{"logLevel":"debug","message":"\tSon sekmeye odaklan : public void chromeFocusLastTab()"}
{"logLevel":"debug","message":"\tWrite random value to element {} : public void writeRandomValueToElement(String key)"}
{"logLevel":"debug","message":"\tFind element by {} clear and send keys  random email : public void RandomeMail(String key)"}
{"logLevel":"debug","message":"\tKaydedilmiş niteliği {} elementine yaz : public void writeSavedAttributeToElement(String key)"}
{"logLevel":"debug","message":"\tSend TAB key to element {} : public void sendKeyToElementTAB(String key)"}
{"logLevel":"debug","message":"\tSend BACKSPACE key to element {} : public void sendKeyToElementBACKSPACE(String key)"}
{"logLevel":"debug","message":"\t{} li elementi bul ve değerini {} saklanan degeri yazdir : public void equalsSendTextByKey(String key, String saveKey) throws InterruptedException"}
{"logLevel":"debug","message":"\tSayfanın zoom değerini değiştir {}% : public void chromeZoomOut(String value)"}
{"logLevel":"debug","message":"\t{} li elementi bul, temizle ve rasgele  email değerini yaz : public void RandomeMail(String key)"}
{"logLevel":"debug","message":"\tAccept Chrome alert popup : public void acceptChromeAlertPopup()"}
{"logLevel":"debug","message":"\t{} uzunlugunda random bir kelime üret ve {} olarak sakla : public void createRandomString(int length, String saveKey)"}
{"logLevel":"debug","message":"\tElementine tıkla {} : public void clickElement(String key)"}
{"logLevel":"debug","message":"\t{} textini {} elemente tek tek yaz : public void sendKeyOneByOne(String text, String key) throws InterruptedException"}
{"logLevel":"debug","message":"\t{} textini {} elemente yaz : public void ssendKeys(String text, String key)"}
{"logLevel":"debug","message":"\tWrite saved attribute value to element {} : public void writeSavedAttributeToElement(String key)"}
{"logLevel":"debug","message":"\tChange page zoom to {}% : public void chromeZoomOut(String value)"}
{"logLevel":"debug","message":"\tFrame'e odaklan {} : public void chromeFocusFrameWithNumber(String key)"}
{"logLevel":"debug","message":"\tCheck if {} element's attribute {} contains the value {} : public void checkElementAttributeContains(String key, String attribute, String expectedValue)"}
{"logLevel":"debug","message":"\tWait for element then click {} : public void checkElementExistsThenClick(String key)"}
{"logLevel":"debug","message":"\t{} değerini {} niteliğine {} elementi için yaz : public void setElementAttribute(String value, String attributeName, String key)"}
{"logLevel":"debug","message":"\t{} tarihinden 2 gün sonraya al : public void tarihAl(String key)"}
{"logLevel":"debug","message":"\t{} elementiyle karsilastir : public void Karsilastir(String key) throws InterruptedException"}
{"logLevel":"debug","message":"\tWrite random value to element {} starting with {} : public void writeRandomValueToElement(String key, String startingText)"}
{"logLevel":"debug","message":"\t{} elementinin {} niteliği {} değerine sahip mi : public void checkElementAttributeEquals(String key, String attribute, String expectedValue)"}
{"logLevel":"debug","message":"\tSiparis durmununu {} elementinden bul : public void SiparisDurumuKarsilastir(String kartDurumu) throws InterruptedException"}
{"logLevel":"debug","message":"\tProje içindeki {} dosyayı {} elemente upload et : public void uploadFile(String path, String key)"}
{"logLevel":"debug","message":"\tWait {} seconds : public void waitBySeconds(int seconds)"}
{"logLevel":"debug","message":"\tClear text of element {} : public void clearInputArea(String key)"}
{"logLevel":"debug","message":"\tCheck if element {} not exists : public void checkElementNotExists(String key)"}
{"logLevel":"debug","message":"\t{} elementine random değer yaz : public void writeRandomValueToElement(String key)"}
{"logLevel":"debug","message":"\tSave attribute {} value of element {} : public void saveAttributeValueOfElement(String attribute, String key)"}
{"logLevel":"debug","message":"\tFocus on tab number {} : public void chromeFocusTabWithNumber(int number)"}
{"logLevel":"debug","message":"\t{} elementinin text alanını BACKSPACE ile temizle : public void clearInputAreaWithBackspace(String key)"}
{"logLevel":"debug","message":"\t{} elementinin text alanını temizle : public void clearInputArea(String key)"}
{"logLevel":"debug","message":"\tFocus on frame with {} : public void chromeFocusFrameWithNumber(String key)"}
{"logLevel":"debug","message":"\tClick with javascript to xpath {} : public void javascriptClickerWithXpath(String xpath)"}
{"logLevel":"debug","message":"\tClear text of element {} with BACKSPACE : public void clearInputAreaWithBackspace(String key)"}
{"logLevel":"debug","message":"\tClick with javascript to css {} : public void javascriptClickerWithCss(String css)"}
{"logLevel":"debug","message":"\tUpload file in project {} to element {} : public void uploadFile(String path, String key)"}
{"logLevel":"debug","message":"\tCheck if {} element's attribute {} equals to the value {} : public void checkElementAttributeEquals(String key, String attribute, String expectedValue)"}
{"logLevel":"debug","message":"\tWrite value {} to element {} with focus : public void sendKeysWithFocus(String text, String key)"}
{"logLevel":"debug","message":"\tElement yok mu kontrol et {} : public void checkElementNotExists(String key)"}
{"logLevel":"debug","message":"\tElement var mı kontrol et {} : public WebElement getElementWithKeyIfExists(String key)"}
{"logLevel":"debug","message":"\tWait for element to load with css {} : public void waitElementLoadWithCss(String css)"}
{"logLevel":"debug","message":"\tSayfayı yenile : public void refreshPage()"}
{"logLevel":"debug","message":"\tYeni sekme aç : public void chromeOpenNewTab()"}
{"logLevel":"debug","message":"\t{} elementine {} değerini js ile yaz : public void elementeJSileYaz(String key, String text)"}
{"logLevel":"debug","message":"\tWrite {} to {} of element {} with Js : public void setElementAttributeWithJs(String value, String attributeName, String key)"}
{"logLevel":"debug","message":"\t{} elementi {} niteliğine sahip mi : public void checkElementAttributeExists(String key, String attribute)"}
{"logLevel":"debug","message":"\t{} elementine focus ile tıkla : public void clickElementWithFocus(String key)"}
{"logLevel":"debug","message":"\tElementin yüklenmesini bekle {} : public WebElement getElementWithKeyIfExists(String key)"}
{"logLevel":"debug","message":"\tCheck if element {} contains text {} : public void checkElementContainsText(String key, String expectedText)"}
{"logLevel":"debug","message":"\t{} menu listesinden rasgele seç : public void listedenRasgeleTikla(String key)"}
{"logLevel":"debug","message":"\tClick to element {} : public void clickElement(String key)"}
{"logLevel":"debug","message":"\tElementinin yüklenmesini bekle xpath {} : public void waitElementLoadWithXpath(String xpath)"}
{"logLevel":"debug","message":"\tElementin text değerini yazdır css {} : public void printElementText(String css)"}
{"logLevel":"debug","message":"\tFocus on last tab : public void chromeFocusLastTab()"}
{"logLevel":"debug","message":"\t{} değerini {} elementine focus ile yaz : public void sendKeysWithFocus(String text, String key)"}
{"logLevel":"debug","message":"\tPrint element text by css {} : public void printElementText(String css)"}
{"logLevel":"debug","message":"\t// Starting from 1\n\"{} numaralı sekmeye odaklan : public void chromeFocusTabWithNumber(int number)"}
{"logLevel":"debug","message":"\t{} elementleri arasından {} kayıtlı değişkene tıkla : public void clickParticularElement(String key, String text)"}
{"logLevel":"debug","message":"\tChrome uyarı popup'ını kabul et : public void acceptChromeAlertPopup()"}
Oct 12, 2021 7:17:45 PM org.openqa.selenium.remote.DesiredCapabilities chrome
INFO: Using `new ChromeOptions()` is preferred to `DesiredCapabilities.chrome()`
{"logLevel":"debug","message":"Killing Java runner..."}
{"logLevel":"debug","message":"Stopping execution pool..."}
{"logLevel":"debug","message":"Shutting down grpc server..."}
{"logLevel":"debug","message":"Runner killed gracefully."}
